Using pre-set license
Built from '2020.3/staging' branch; Version is '2020.3.6f1 (338bb68529b2) revision 3378102'; Using compiler version '192528614'; Build Type 'Release'
OS: 'Windows 10 Pro; OS build 18363.1556; Version 1909; 64bit' Language: 'sr' Physical Memory: 8075 MB
BatchMode: 1, IsHumanControllingUs: 0, StartBugReporterOnCrash: 0, Is64bit: 1, IsPro: 0

 COMMAND LINE ARGUMENTS:
C:\Program Files\Unity\Hub\Editor\2020.3.6f1\Editor\Unity.exe
-adb2
-batchMode
-noUpm
-name
AssetImportWorker0
-projectPath
C:/Users/Asus Gamer i7/Desktop/HoleBall
-logFile
Logs/AssetImportWorker0.log
-srvPort
49385
Successfully changed project path to: C:/Users/Asus Gamer i7/Desktop/HoleBall
C:/Users/Asus Gamer i7/Desktop/HoleBall
Using Asset Import Pipeline V2.
Refreshing native plugins compatible for Editor in 64.64 ms, found 0 plugins.
Preloading 0 native plugins for Editor in 0.00 ms.
Initialize engine version: 2020.3.6f1 (338bb68529b2)
[Subsystems] Discovering subsystems at path C:/Program Files/Unity/Hub/Editor/2020.3.6f1/Editor/Data/Resources/UnitySubsystems
[Subsystems] Discovering subsystems at path C:/Users/Asus Gamer i7/Desktop/HoleBall/Assets
GfxDevice: creating device client; threaded=0
Direct3D:
    Version:  Direct3D 11.0 [level 11.0]
    Renderer: NVIDIA GeForce 840M (ID=0x1341)
    Vendor:   
    VRAM:     2020 MB
    Driver:   23.21.13.8857
Initialize mono
Mono path[0] = 'C:/Program Files/Unity/Hub/Editor/2020.3.6f1/Editor/Data/Managed'
Mono path[1] = 'C:/Program Files/Unity/Hub/Editor/2020.3.6f1/Editor/Data/MonoBleedingEdge/lib/mono/unityjit'
Mono config path = 'C:/Program Files/Unity/Hub/Editor/2020.3.6f1/Editor/Data/MonoBleedingEdge/etc'
Using monoOptions --debugger-agent=transport=dt_socket,embedding=1,server=y,suspend=n,address=127.0.0.1:56696
Begin MonoManager ReloadAssembly
Registering precompiled unity dll's ...
Register platform support module: C:/Program Files/Unity/Hub/Editor/2020.3.6f1/Editor/Data/PlaybackEngines/WindowsStandaloneSupport/UnityEditor.WindowsStandalone.Extensions.dll
Registered in 0.005820 seconds.
Native extension for WindowsStandalone target not found
Refreshing native plugins compatible for Editor in 45.40 ms, found 0 plugins.
Preloading 0 native plugins for Editor in 0.00 ms.
Mono: successfully reloaded assembly
- Completed reload, in  4.985 seconds
Platform modules already initialized, skipping
Registering precompiled user dll's ...
Registered in 0.001776 seconds.
Begin MonoManager ReloadAssembly
Native extension for WindowsStandalone target not found
Refreshing native plugins compatible for Editor in 0.37 ms, found 0 plugins.
Preloading 0 native plugins for Editor in 0.00 ms.
Mono: successfully reloaded assembly
- Completed reload, in  1.530 seconds
Platform modules already initialized, skipping
========================================================================
Worker process is ready to serve import requests
Launched and connected shader compiler UnityShaderCompiler.exe after 0.10 seconds
Refreshing native plugins compatible for Editor in 0.51 ms, found 0 plugins.
Preloading 0 native plugins for Editor in 0.00 ms.
Unloading 1305 Unused Serialized files (Serialized files now loaded: 0)
System memory in use before: 69.5 MB.
System memory in use after: 69.6 MB.

Unloading 10 unused Assets to reduce memory usage. Loaded Objects now: 1747.
Total: 2.543100 ms (FindLiveObjects: 0.219100 ms CreateObjectMapping: 0.129900 ms MarkObjects: 2.040900 ms  DeleteObjects: 0.151900 ms)

========================================================================
Received Import Request.
  path: Assets/Scenes/Game.unity
  artifactKey: Guid(9fc0d4010bbf28b4594072e72b8655ab) Importer(815301076,1909f56bfc062723c751e8b465ee728b)
Start importing Assets/Scenes/Game.unity using Guid(9fc0d4010bbf28b4594072e72b8655ab) Importer(815301076,1909f56bfc062723c751e8b465ee728b)  -> (artifact id: 'bbcfed5d3626d48f14df43604d01e335') in 0.062569 seconds
  Import took 0.096741 seconds .

========================================================================
Received Import Request.
  Time since last request: 228.215167 seconds.
  path: Assets/nplatforme/p1.prefab
  artifactKey: Guid(2584dc55f0ce4a04aa60d0706bc789b6) Importer(815301076,1909f56bfc062723c751e8b465ee728b)
Start importing Assets/nplatforme/p1.prefab using Guid(2584dc55f0ce4a04aa60d0706bc789b6) Importer(815301076,1909f56bfc062723c751e8b465ee728b)  -> (artifact id: '5d9533005ff63d459d6c6ce95d6c7768') in 0.589364 seconds
  Import took 0.614032 seconds .

========================================================================
Received Import Request.
  Time since last request: 17.360335 seconds.
  path: Assets/nplatforme/p2.prefab
  artifactKey: Guid(a12656796d8c53b4bb9829e255e5cd7e) Importer(815301076,1909f56bfc062723c751e8b465ee728b)
Start importing Assets/nplatforme/p2.prefab using Guid(a12656796d8c53b4bb9829e255e5cd7e) Importer(815301076,1909f56bfc062723c751e8b465ee728b)  -> (artifact id: 'a472084a344c5903a809fb622185d98d') in 0.031606 seconds
  Import took 0.062147 seconds .

========================================================================
Received Import Request.
  Time since last request: 50.539487 seconds.
  path: Assets/nplatforme/p2.prefab
  artifactKey: Guid(a12656796d8c53b4bb9829e255e5cd7e) Importer(815301076,1909f56bfc062723c751e8b465ee728b)
Start importing Assets/nplatforme/p2.prefab using Guid(a12656796d8c53b4bb9829e255e5cd7e) Importer(815301076,1909f56bfc062723c751e8b465ee728b)  -> (artifact id: '228c6f87692f4dad4f38c7a5a70844df') in 0.018977 seconds
  Import took 0.023822 seconds .

========================================================================
Received Prepare
Registering precompiled user dll's ...
Registered in 0.001397 seconds.
Begin MonoManager ReloadAssembly
Native extension for WindowsStandalone target not found
Refreshing native plugins compatible for Editor in 0.33 ms, found 0 plugins.
Preloading 0 native plugins for Editor in 0.00 ms.
Mono: successfully reloaded assembly
- Completed reload, in  1.698 seconds
Platform modules already initialized, skipping
Switching build target platform(5) subTarget(0) extendedPlatform(0) -> platform(13) subTarget(537395200) extendedPlatform(0)
Refreshing native plugins compatible for Editor in 0.31 ms, found 0 plugins.
Preloading 0 native plugins for Editor in 0.00 ms.
Unloading 1263 Unused Serialized files (Serialized files now loaded: 0)
System memory in use before: 67.8 MB.
System memory in use after: 67.9 MB.

Unloading 5 unused Assets to reduce memory usage. Loaded Objects now: 1758.
Total: 2.303800 ms (FindLiveObjects: 0.189000 ms CreateObjectMapping: 0.058400 ms MarkObjects: 1.974600 ms  DeleteObjects: 0.080100 ms)

AssetImportParameters requested are different than current active one (requested -> active):
  custom:graphics/normal-map-encoding: 01000000000000000000000000000000 -> 02000000000000000000000000000000
AssetImportWorkerClient::OnTransportError - code=2 error=End of file
